#
# There is insufficient memory for the Java Runtime Environment to continue.
# Native memory allocation (mmap) failed to map 4294967296 bytes for Failed to commit area from 0x0000000600000000 to 0x0000000700000000 of length 4294967296.
# Possible reasons:
#   The system is out of physical RAM or swap space
#   The process is running with CompressedOops enabled, and the Java Heap may be blocking the growth of the native heap
# Possible solutions:
#   Reduce memory load on the system
#   Increase physical memory or swap space
#   Check if swap backing store is full
#   Decrease Java heap size (-Xmx/-Xms)
#   Decrease number of Java threads
#   Decrease Java thread stack sizes (-Xss)
#   Set larger code cache with -XX:ReservedCodeCacheSize=
# This output file may be truncated or incomplete.
#
#  Out of Memory Error (./src/hotspot/os/windows/os_windows.cpp:3301), pid=11104, tid=16540
#
# JRE version:  (11.0.10+9) (build )
# Java VM: Dynamic Code Evolution 64-Bit Server VM (11.0.10+9-b1341.41, mixed mode, sharing, tiered, compressed oops, g1 gc, windows-amd64)
# No core dump will be written. Minidumps are not enabled by default on client versions of Windows
#

---------------  S U M M A R Y ------------

Command Line: -Djava.rmi.server.hostname=127.0.0.1 -Duser.timezone=UTC -Xmx8192m -Xms4096m -Dfile.encoding=UTF-8 com.intellij.database.remote.RemoteJdbcServer org.sqlite.JDBC

Host: AMD Ryzen 7 3700X 8-Core Processor             , 16 cores, 15G,  Windows 10 , 64 bit Build 21390 (10.0.21390.1)
Time: Fri Jun 11 18:58:18 2021 中国标准时间 elapsed time: 0.014614 seconds (0d 0h 0m 0s)

---------------  T H R E A D  ---------------

Current thread (0x000002825779e000):  JavaThread "Unknown thread" [_thread_in_vm, id=16540, stack(0x00000090d8500000,0x00000090d8600000)]

Stack: [0x00000090d8500000,0x00000090d8600000]
Native frames: (J=compiled Java code, j=interpreted, Vv=VM code, C=native code)
V  [jvm.dll+0x5f84fa]
V  [jvm.dll+0x77e085]
V  [jvm.dll+0x77f5dd]
V  [jvm.dll+0x77fc93]
V  [jvm.dll+0x2457e8]
V  [jvm.dll+0x5f58f4]
V  [jvm.dll+0x5ea975]
V  [jvm.dll+0x30228b]
V  [jvm.dll+0x3021fa]
V  [jvm.dll+0x3020d2]
V  [jvm.dll+0x306fb6]
V  [jvm.dll+0x34f843]
V  [jvm.dll+0x34ff46]
V  [jvm.dll+0x34f943]
V  [jvm.dll+0x2dbcb8]
V  [jvm.dll+0x2dce57]
V  [jvm.dll+0x75c4d7]
V  [jvm.dll+0x75dd6c]
V  [jvm.dll+0x35cdb9]
V  [jvm.dll+0x73fc9e]
V  [jvm.dll+0x3c5663]
V  [jvm.dll+0x3c7a21]
C  [jli.dll+0x5373]
C  [ucrtbase.dll+0x26c0c]
C  [KERNEL32.DLL+0x154e0]
C  [ntdll.dll+0x485b]


---------------  P R O C E S S  ---------------

Threads class SMR info:
_java_thread_list=0x00000282554b16e0, length=0, elements={
}

Java Threads: ( => current thread )

Other Threads:
  0x00000282577b3800 GCTaskThread "GC Thread#0" [stack: 0x00000090d8600000,0x00000090d8700000] [id=20216]
  0x000002827dd96800 ConcurrentGCThread "G1 Main Marker" [stack: 0x00000090d8700000,0x00000090d8800000] [id=22620]
  0x000002827dd98800 ConcurrentGCThread "G1 Conc#0" [stack: 0x00000090d8800000,0x00000090d8900000] [id=20344]

[error occurred during error reporting (printing all threads), id 0xc0000005, EXCEPTION_ACCESS_VIOLATION (0xc0000005) at pc=0x00007ffec4e9c437]

VM state:not at safepoint (not fully initialized)

VM Mutex/Monitor currently owned by a thread:  ([mutex/lock_event])
[0x000002825779af30] Heap_lock - owner thread: 0x000002825779e000

Heap address: 0x0000000600000000, size: 8192 MB, Compressed Oops mode: Non-zero based: 0x0000000600000000
Narrow klass base: 0x0000000000000000, Narrow klass shift: 0

GC Heap History (0 events):
No events

Deoptimization events (0 events):
No events

Classes redefined (0 events):
No events

Internal exceptions (0 events):
No events

Events (1 events):
Event: 0.010 Loaded shared library D:\JetBrainsTool\apps\IDEA-U\ch-0\211.7142.45\jbr\bin\zip.dll


Dynamic libraries:
0x00007ff621930000 - 0x00007ff62193a000 	D:\JetBrainsTool\apps\IDEA-U\ch-0\211.7142.45\jbr\bin\java.exe
0x00007fff0fb40000 - 0x00007fff0fd47000 	C:\WINDOWS\SYSTEM32\ntdll.dll
0x00007fff0e2f0000 - 0x00007fff0e3ad000 	C:\WINDOWS\System32\KERNEL32.DLL
0x00007fff0d670000 - 0x00007fff0d9e2000 	C:\WINDOWS\System32\KERNELBASE.dll
0x00007fff0a140000 - 0x00007fff0a1d2000 	C:\WINDOWS\SYSTEM32\apphelp.dll
0x00007fff0d160000 - 0x00007fff0d271000 	C:\WINDOWS\System32\ucrtbase.dll
0x00007ffefbe30000 - 0x00007ffefbe47000 	D:\JetBrainsTool\apps\IDEA-U\ch-0\211.7142.45\jbr\bin\VCRUNTIME140.dll
0x00007ffef2c40000 - 0x00007ffef2c59000 	D:\JetBrainsTool\apps\IDEA-U\ch-0\211.7142.45\jbr\bin\jli.dll
0x00007fff0ebb0000 - 0x00007fff0ed5c000 	C:\WINDOWS\System32\USER32.dll
0x00007fff0d9f0000 - 0x00007fff0da16000 	C:\WINDOWS\System32\win32u.dll
0x00007ffef6b20000 - 0x00007ffef6dc5000 	C:\WINDOWS\WinSxS\amd64_microsoft.windows.common-controls_6595b64144ccf1df_6.0.21390.1_none_71fe35e189dc7366\COMCTL32.dll
0x00007fff0e3b0000 - 0x00007fff0e3d9000 	C:\WINDOWS\System32\GDI32.dll
0x00007fff0dae0000 - 0x00007fff0db83000 	C:\WINDOWS\System32\msvcrt.dll
0x00007fff0d490000 - 0x00007fff0d5a2000 	C:\WINDOWS\System32\gdi32full.dll
0x00007fff0d280000 - 0x00007fff0d31d000 	C:\WINDOWS\System32\msvcp_win.dll
0x00007fff0e6e0000 - 0x00007fff0e711000 	C:\WINDOWS\System32\IMM32.DLL
0x00007fff0aef0000 - 0x00007fff0af1d000 	D:\Program Files\MacType\MacType64.dll
0x00007fff0f250000 - 0x00007fff0f2fc000 	C:\WINDOWS\System32\ADVAPI32.dll
0x00007fff0ee90000 - 0x00007fff0ef2d000 	C:\WINDOWS\System32\sechost.dll
0x00007fff0e5b0000 - 0x00007fff0e6d1000 	C:\WINDOWS\System32\RPCRT4.dll
0x00007fff0ae80000 - 0x00007fff0aeda000 	D:\Program Files\MacType\Easyhk64.dll
0x00007fff0aad0000 - 0x00007fff0abdb000 	D:\Program Files\MacType\MacType64.Core.dll
0x00007fff07df0000 - 0x00007fff083a7000 	C:\WINDOWS\SYSTEM32\d2d1.dll
0x00007ffee54c0000 - 0x00007ffee571f000 	C:\WINDOWS\SYSTEM32\dwrite.dll
0x00007fff0d070000 - 0x00007fff0d0f0000 	C:\WINDOWS\System32\bcryptPrimitives.dll
0x00007ffee5830000 - 0x00007ffee58cd000 	D:\JetBrainsTool\apps\IDEA-U\ch-0\211.7142.45\jbr\bin\msvcp140.dll
0x00007ffec4bb0000 - 0x00007ffec56ff000 	D:\JetBrainsTool\apps\IDEA-U\ch-0\211.7142.45\jbr\bin\server\jvm.dll
0x00007fff0e5a0000 - 0x00007fff0e5a8000 	C:\WINDOWS\System32\PSAPI.DLL
0x00007fff03420000 - 0x00007fff0342a000 	C:\WINDOWS\SYSTEM32\VERSION.dll
0x00007fff060c0000 - 0x00007fff060f1000 	C:\WINDOWS\SYSTEM32\WINMM.dll
0x00007ffeee960000 - 0x00007ffeee969000 	C:\WINDOWS\SYSTEM32\WSOCK32.dll
0x00007fff0f010000 - 0x00007fff0f07f000 	C:\WINDOWS\System32\WS2_32.dll
0x00007fff0c250000 - 0x00007fff0c267000 	C:\WINDOWS\SYSTEM32\kernel.appcore.dll
0x00007fff09240000 - 0x00007fff09251000 	D:\JetBrainsTool\apps\IDEA-U\ch-0\211.7142.45\jbr\bin\verify.dll
0x00007ffefc9d0000 - 0x00007ffefcbf1000 	C:\WINDOWS\SYSTEM32\DBGHELP.DLL
0x00007ffeef1e0000 - 0x00007ffeef211000 	C:\WINDOWS\SYSTEM32\dbgcore.DLL
0x00007ffef4390000 - 0x00007ffef43b9000 	D:\JetBrainsTool\apps\IDEA-U\ch-0\211.7142.45\jbr\bin\java.dll
0x00007fff09230000 - 0x00007fff0923b000 	D:\JetBrainsTool\apps\IDEA-U\ch-0\211.7142.45\jbr\bin\jimage.dll
0x00007ffef6b00000 - 0x00007ffef6b18000 	D:\JetBrainsTool\apps\IDEA-U\ch-0\211.7142.45\jbr\bin\zip.dll

dbghelp: loaded successfully - version: 4.0.5 - missing functions: none
symbol engine: initialized successfully - sym options: 0x614 - pdb path: .;D:\JetBrainsTool\apps\IDEA-U\ch-0\211.7142.45\jbr\bin;C:\WINDOWS\SYSTEM32;C:\WINDOWS\WinSxS\amd64_microsoft.windows.common-controls_6595b64144ccf1df_6.0.21390.1_none_71fe35e189dc7366;D:\Program Files\MacType;D:\JetBrainsTool\apps\IDEA-U\ch-0\211.7142.45\jbr\bin\server

VM Arguments:
jvm_args: -Djava.rmi.server.hostname=127.0.0.1 -Duser.timezone=UTC -Xmx8192m -Xms4096m -Dfile.encoding=UTF-8 
java_command: com.intellij.database.remote.RemoteJdbcServer org.sqlite.JDBC
java_class_path (initial): D:\JetBrainsTool\apps\IDEA-U\ch-0\211.7142.45\lib\util.jar;D:\JetBrainsTool\apps\IDEA-U\ch-0\211.7142.45\lib\trove4j.jar;D:\JetBrainsTool\apps\IDEA-U\ch-0\211.7142.45\lib\groovy-2.5.11.jar;D:\JetBrainsTool\apps\IDEA-U\ch-0\211.7142.45\plugins\DatabaseTools\lib\jdbc-console.jar;C:\Users\NH55\AppData\Roaming\JetBrains\IntelliJIdea2021.1\jdbc-drivers\Xerial SQLiteJDBC\3.34.0\sqlite-jdbc-3.34.0.jar
Launcher Type: SUN_STANDARD

[Global flags]
     intx CICompilerCount                          = 12                                        {product} {ergonomic}
     uint ConcGCThreads                            = 3                                         {product} {ergonomic}
     uint G1ConcRefinementThreads                  = 13                                        {product} {ergonomic}
   size_t G1HeapRegionSize                         = 2097152                                   {product} {ergonomic}
    uintx GCDrainStackTargetSize                   = 64                                        {product} {ergonomic}
   size_t InitialHeapSize                          = 4294967296                                {product} {command line}
   size_t MarkStackSize                            = 4194304                                   {product} {ergonomic}
   size_t MaxHeapSize                              = 8589934592                                {product} {command line}
   size_t MinHeapDeltaBytes                        = 2097152                                   {product} {ergonomic}
    uintx NonNMethodCodeHeapSize                   = 7594288                                {pd product} {ergonomic}
    uintx NonProfiledCodeHeapSize                  = 122031976                              {pd product} {ergonomic}
    uintx ProfiledCodeHeapSize                     = 122031976                              {pd product} {ergonomic}
    uintx ReservedCodeCacheSize                    = 251658240                              {pd product} {ergonomic}
     bool SegmentedCodeCache                       = true                                      {product} {ergonomic}
     bool UseCompressedClassPointers               = true                                 {lp64_product} {ergonomic}
     bool UseCompressedOops                        = true                                 {lp64_product} {ergonomic}
     bool UseG1GC                                  = true                                      {product} {ergonomic}
     bool UseLargePagesIndividualAllocation        = false                                  {pd product} {ergonomic}

Logging:
Log output configuration:
 #0: stdout all=warning uptime,level,tags
 #1: stderr all=off uptime,level,tags

Environment Variables:
JAVA_HOME=D:\Program Files\Java\jdk1.8.0_271
PATH=C:\Program Files (x86)\Common Files\Oracle\Java\javapath;C:\Program Files\Common Files\Oracle\Java\javapath;C:\Windows\system32;C:\Windows;C:\Windows\System32\Wbem;C:\Windows\System32\WindowsPowerShell\v1.0\;C:\Windows\System32\OpenSSH\;C:\Program Files (x86)\NVIDIA Corporation\PhysX\Common;C:\Program Files\Microsoft SQL Server\130\Tools\Binn\;D:\cedu\mingw64\bin;D:\Program Files\Java\jdk1.8.0_271\bin;C:\Program Files (x86)\GtkSharp\2.12\bin;C:\Program Files (x86)\Microsoft SQL Server\140\Tools\Binn\;C:\Program Files\Microsoft SQL Server\140\Tools\Binn\;C:\Program Files (x86)\Microsoft SQL Server\140\DTS\Binn\;C:\Program Files\Microsoft SQL Server\140\DTS\Binn\;C:\Program Files\Microsoft SQL Server\Client SDK\ODBC\130\Tools\Binn\;C:\Program Files (x86)\Microsoft SQL Server\150\DTS\Binn\;C:\Program Files\Azure Data Studio\bin;D:\Program Files\Java\bin;C:\Program Files\dotnet\;C:\Program Files (x86)\ZeroTier\One\;C:\WINDOWS\system32;C:\WINDOWS;C:\WINDOWS\System32\Wbem;C:\WINDOWS\System32\WindowsPowerShell\v1.0\;C:\WINDOWS\System32\OpenSSH\;C:\Program Files (x86)\dotnet\;D:\Program Files\CMake\bin;C:\Program Files\NVIDIA Corporation\NVIDIA NvDLISR;D:\Program Files\MacType;C:\WINDOWS\system32;C:\WINDOWS;C:\WINDOWS\System32\Wbem;C:\WINDOWS\System32\WindowsPowerShell\v1.0\;C:\WINDOWS\System32\OpenSSH\;C:\Users\NH55\AppData\Local\Programs\Python\Python39\Scripts\;C:\Users\NH55\AppData\Local\Programs\Python\Python39\;C:\Users\NH55\AppData\Local\Microsoft\WindowsApps;C:\Microsoft VS Code\bin;D:\CLion 203.5981.40\bin;C:\Program Files\Azure Data Studio\bin;C:\Users\NH55\.dotnet\tools;D:\Scoop\shims;D:\Qt\Qt5.14.2\5.14.2\mingw73_32\bin;D:\Qt\Qt5.14.2\Tools\mingw730_32\bin;D:\Qt\Qt5.14.2\Tools\mingw730_64\bin;D:\Qt\Qt5.14.2\5.14.2\mingw73_64\bin;D:\Edu\opencv\opencv-build\install\x64\mingw\bin;D:\Edu\opencv\OpenCV-MinGW-Build-OpenCV-3.4.5\x86\mingw\bin;D:\Edu\tools\sqlite;;%USERPROFILE%\AppData\Local\Microsoft\WindowsApps
USERNAME=NH55
OS=Windows_NT
PROCESSOR_IDENTIFIER=AMD64 Family 23 Model 113 Stepping 0, AuthenticAMD



---------------  S Y S T E M  ---------------

OS: Windows 10 , 64 bit Build 21390 (10.0.21390.1)
OS uptime: 0 days 6:47 hours
Hyper-V role detected

CPU:total 16 (initial active 16) (16 cores per cpu, 2 threads per core) family 23 model 113 stepping 0 microcode 0x0, cmov, cx8, fxsr, mmx, sse, sse2, sse3, ssse3, sse4.1, sse4.2, popcnt, avx, avx2, aes, clmul, mmxext, 3dnowpref, lzcnt, sse4a, ht, tsc, tscinvbit, tscinv, bmi1, bmi2, adx,

Memory: 4k page, system-wide physical 16280M (4226M free)
TotalPageFile size 27746M (AvailPageFile size 2011M)
current process WorkingSet (physical memory assigned to process): 13M, peak: 13M
current process commit charge ("private bytes"): 73M, peak: 4168M

vm_info: Dynamic Code Evolution 64-Bit Server VM (11.0.10+9-b1341.41) for windows-amd64 JRE (11.0.10+9-b1341.41), built on Apr 17 2021 07:18:15 by "" with MS VC++ 14.0 (VS2015)

END.
